0 info it worked if it ends with ok
1 verbose cli [ 'C:\\Program Files\\nodejs\\node.exe',
1 verbose cli   'C:\\Users\\erabany\\AppData\\Roaming\\npm\\node_modules\\npm\\bin\\npm-cli.js',
1 verbose cli   'start' ]
2 info using npm@3.5.2
3 info using node@v5.0.0
4 verbose run-script [ 'prestart', 'start', 'poststart' ]
5 info lifecycle beHappy@0.0.1~prestart: beHappy@0.0.1
6 silly lifecycle beHappy@0.0.1~prestart: no script for prestart, continuing
7 info lifecycle beHappy@0.0.1~start: beHappy@0.0.1
8 verbose lifecycle beHappy@0.0.1~start: unsafe-perm in lifecycle true
9 verbose lifecycle beHappy@0.0.1~start: PATH: C:\Users\erabany\AppData\Roaming\npm\node_modules\npm\bin\node-gyp-bin;c:\projet\pushNotification\node_modules\.bin;C:\Users\erabany\Desktop\ConEmu;C:\Users\erabany\Desktop\ConEmu\ConEmu;C:\Users\erabany\AppData\Local\Google\Chrome SxS\Application;C:\Program Files (x86)\AMD APP\bin\x86_64;C:\Program Files (x86)\AMD APP\bin\x86;C:\Program Files (x86)\NVIDIA Corporation\PhysX\Common;C:\Ruby200\bin;C:\IM;C:\ImageMagick-6.8.6-Q16;C:\Program Files (x86)\ImageMagick-6.8.6-Q16;C:\Program Files (x86)\PHP\;C:\Program Files (x86)\KEWEGO Screen 9\;C:\Windows\system32;C:\Windows;C:\Windows\System32\Wbem;C:\Windows\System32\WindowsPowerShell\v1.0\;C:\Program Files\Intel\DMIX;C:\Program Files\TortoiseSVN\bin;C:\Program Files\Microsoft\Web Platform Installer\;C:\Program Files\Microsoft SQL Server\110\DTS\Binn\;C:\Program Files (x86)\Microsoft SQL Server\110\Tools\Binn\;C:\Program Files\Microsoft SQL Server\110\Tools\Binn\;C:\Program Files (x86)\Microsoft SQL Server\110\Tools\Binn\ManagementStudio\;C:\Program Files (x86)\Microsoft SQL Server\110\DTS\Binn\;C:\kwg_daemons\share_library\third-party\ffmpeg;C:\kwg_daemons\share_library\third-party\mencoder;C:\kwg_daemons\share_library\third-party\sox;C:\kwg_daemon;C:\sdk\adt-bundle-windows-x86_64-20140702\sdk\platform-tools;C:\Users\erabany\AppData\Roaming\npm;C:\Users\erabany\AppData\Roaming\npm-cache;C:\Programmes\nodejs;C:\Program Files\nodejs;C:\Program Files (x86)\Git\bin\git.exe;C:\Program Files (x86)\Git\cmd;C:\Program Files (x86)\Skype\Phone\;c://ffmpeg/bin;C:\Users\erabany\AppData\Roaming\npm;C:\Users\erabany\AppData\Local\atom\bin
10 verbose lifecycle beHappy@0.0.1~start: CWD: c:\projet\pushNotification
11 silly lifecycle beHappy@0.0.1~start: Args: [ '/d /s /c', 'node app.js' ]
12 silly lifecycle beHappy@0.0.1~start: Returned: code: 1  signal: null
13 info lifecycle beHappy@0.0.1~start: Failed to exec start script
14 verbose stack Error: beHappy@0.0.1 start: `node app.js`
14 verbose stack Exit status 1
14 verbose stack     at EventEmitter.<anonymous> (C:\Users\erabany\AppData\Roaming\npm\node_modules\npm\lib\utils\lifecycle.js:232:16)
14 verbose stack     at emitTwo (events.js:87:13)
14 verbose stack     at EventEmitter.emit (events.js:172:7)
14 verbose stack     at ChildProcess.<anonymous> (C:\Users\erabany\AppData\Roaming\npm\node_modules\npm\lib\utils\spawn.js:24:14)
14 verbose stack     at emitTwo (events.js:87:13)
14 verbose stack     at ChildProcess.emit (events.js:172:7)
14 verbose stack     at maybeClose (internal/child_process.js:818:16)
14 verbose stack     at Process.ChildProcess._handle.onexit (internal/child_process.js:211:5)
15 verbose pkgid beHappy@0.0.1
16 verbose cwd c:\projet\pushNotification
17 error Windows_NT 6.1.7601
18 error argv "C:\\Program Files\\nodejs\\node.exe" "C:\\Users\\erabany\\AppData\\Roaming\\npm\\node_modules\\npm\\bin\\npm-cli.js" "start"
19 error node v5.0.0
20 error npm  v3.5.2
21 error code ELIFECYCLE
22 error beHappy@0.0.1 start: `node app.js`
22 error Exit status 1
23 error Failed at the beHappy@0.0.1 start script 'node app.js'.
23 error Make sure you have the latest version of node.js and npm installed.
23 error If you do, this is most likely a problem with the beHappy package,
23 error not with npm itself.
23 error Tell the author that this fails on your system:
23 error     node app.js
23 error You can get information on how to open an issue for this project with:
23 error     npm bugs beHappy
23 error Or if that isn't available, you can get their info via:
23 error     npm owner ls beHappy
23 error There is likely additional logging output above.
24 verbose exit [ 1, true ]
